#
# There is insufficient memory for the Java Runtime Environment to continue.
# Native memory allocation (mmap) failed to map 268435456 bytes for Failed to commit area from 0x0000000701a00000 to 0x0000000711a00000 of length 268435456.
# Possible reasons:
#   The system is out of physical RAM or swap space
#   The process is running with CompressedOops enabled, and the Java Heap may be blocking the growth of the native heap
# Possible solutions:
#   Reduce memory load on the system
#   Increase physical memory or swap space
#   Check if swap backing store is full
#   Decrease Java heap size (-Xmx/-Xms)
#   Decrease number of Java threads
#   Decrease Java thread stack sizes (-Xss)
#   Set larger code cache with -XX:ReservedCodeCacheSize=
# This output file may be truncated or incomplete.
#
#  Out of Memory Error (c:/BuildAgent/work/5ff2f6c26000d570/src/hotspot/os/windows/os_windows.cpp:3281), pid=9552, tid=21412
#
# JRE version:  (11.0.4+10) (build )
# Java VM: OpenJDK 64-Bit Server VM (11.0.4+10-b520.11, mixed mode, aot, sharing, tiered, compressed oops, g1 gc, windows-amd64)
# No core dump will be written. Minidumps are not enabled by default on client versions of Windows
#

---------------  S U M M A R Y ------------

Command Line: org.jetbrains.git4idea.http.GitAskPassApp Username for 'https://github.com': 

Host: Intel(R) Core(TM) i5-7300HQ CPU @ 2.50GHz, 4 cores, 15G,  Windows 10 , 64 bit Build 18362 (10.0.18362.778)
Time: Thu Jun  4 17:21:29 2020 ?D1¨²¡À¨º¡Á?¨º¡À?? elapsed time: 0 seconds (0d 0h 0m 0s)

---------------  T H R E A D  ---------------

Current thread (0x0000022c43795000):  JavaThread "Unknown thread" [_thread_in_vm, id=21412, stack(0x0000009ba9c00000,0x0000009ba9d00000)]

Stack: [0x0000009ba9c00000,0x0000009ba9d00000]
Native frames: (J=compiled Java code, j=interpreted, Vv=VM code, C=native code)
V  [jvm.dll+0x5db21a]
V  [jvm.dll+0x70c4f5]
V  [jvm.dll+0x70da18]
V  [jvm.dll+0x70e0e3]
V  [jvm.dll+0x23de68]
V  [jvm.dll+0x5d8984]
V  [jvm.dll+0x5cda05]
V  [jvm.dll+0x2fa6bb]
V  [jvm.dll+0x2fa62a]
V  [jvm.dll+0x2fa502]
V  [jvm.dll+0x2ff3c6]
V  [jvm.dll+0x3478b3]
V  [jvm.dll+0x347fb6]
V  [jvm.dll+0x3479b3]
V  [jvm.dll+0x2d4f98]
V  [jvm.dll+0x2d6147]
V  [jvm.dll+0x6eb6e7]
V  [jvm.dll+0x6ecedc]
V  [jvm.dll+0x354fe9]
V  [jvm.dll+0x6d35ae]
V  [jvm.dll+0x3bd7e3]
V  [jvm.dll+0x3bfb81]
C  [java.exe+0x3763]
C  [java.exe+0x17a0c]
C  [KERNEL32.DLL+0x17bd4]
C  [ntdll.dll+0x6ce51]


---------------  P R O C E S S  ---------------

Threads class SMR info:
_java_thread_list=0x0000022c416f7300, length=0, elements={
}

Java Threads: ( => current thread )

Other Threads:
  0x0000022c437ae800 GCTaskThread "GC Thread#0" [stack: 0x0000009ba9d00000,0x0000009ba9e00000] [id=3596]
  0x0000022c43809800 ConcurrentGCThread "G1 Main Marker" [stack: 0x0000009ba9e00000,0x0000009ba9f00000] [id=7472]
  0x0000022c4380b000 ConcurrentGCThread "G1 Conc#0" [stack: 0x0000009ba9f00000,0x0000009baa000000] [id=13572]

[error occurred during error reporting (printing all threads), id 0xc0000005, EXCEPTION_ACCESS_VIOLATION (0xc0000005) at pc=0x00007ff94b3f58a7]

VM state:not at safepoint (not fully initialized)

VM Mutex/Monitor currently owned by a thread:  ([mutex/lock_event])
[0x0000022c43792e60] Heap_lock - owner thread: 0x0000022c43795000

Heap address: 0x0000000701a00000, size: 4070 MB, Compressed Oops mode: Non-zero based: 0x0000000701a00000
Narrow klass base: 0x0000000000000000, Narrow klass shift: 0

GC Heap History (0 events):
No events

Deoptimization events (0 events):
No events

Classes redefined (0 events):
No events

Internal exceptions (0 events):
No events

Events (0 events):
No events


Dynamic libraries:
0x00007ff7b8b10000 - 0x00007ff7b8b57000 	E:\Idea\IntelliJ IDEA 2019.3\jbr\bin\java.exe
0x00007ff98cd40000 - 0x00007ff98cf30000 	C:\WINDOWS\SYSTEM32\ntdll.dll
0x00007ff98c960000 - 0x00007ff98ca12000 	C:\WINDOWS\System32\KERNEL32.DLL
0x00007ff98aaf0000 - 0x00007ff98ad94000 	C:\WINDOWS\System32\KERNELBASE.dll
0x00007ff98c760000 - 0x00007ff98c8f4000 	C:\WINDOWS\System32\USER32.dll
0x00007ff989ea0000 - 0x00007ff989ec1000 	C:\WINDOWS\System32\win32u.dll
0x00007ff98afd0000 - 0x00007ff98aff6000 	C:\WINDOWS\System32\GDI32.dll
0x00007ff989f50000 - 0x00007ff98a0e4000 	C:\WINDOWS\System32\gdi32full.dll
0x00007ff98a0f0000 - 0x00007ff98a18e000 	C:\WINDOWS\System32\msvcp_win.dll
0x00007ff98a940000 - 0x00007ff98aa3a000 	C:\WINDOWS\System32\ucrtbase.dll
0x00007ff97db40000 - 0x00007ff97ddc4000 	C:\WINDOWS\WinSxS\amd64_microsoft.windows.common-controls_6595b64144ccf1df_6.0.18362.836_none_e6c4b943130f18ed\COMCTL32.dll
0x00007ff98b160000 - 0x00007ff98b1fe000 	C:\WINDOWS\System32\msvcrt.dll
0x00007ff98b9b0000 - 0x00007ff98bce6000 	C:\WINDOWS\System32\combase.dll
0x00007ff98aeb0000 - 0x00007ff98afd0000 	C:\WINDOWS\System32\RPCRT4.dll
0x00007ff989ed0000 - 0x00007ff989f50000 	C:\WINDOWS\System32\bcryptPrimitives.dll
0x00007ff98bd70000 - 0x00007ff98bd9e000 	C:\WINDOWS\System32\IMM32.DLL
0x00007ff984f50000 - 0x00007ff984f67000 	E:\Idea\IntelliJ IDEA 2019.3\jbr\bin\vcruntime140.dll
0x00007ff95eb60000 - 0x00007ff95ebfd000 	E:\Idea\IntelliJ IDEA 2019.3\jbr\bin\msvcp140.dll
0x00007ff94b110000 - 0x00007ff94bbc8000 	E:\Idea\IntelliJ IDEA 2019.3\jbr\bin\server\jvm.dll
0x00007ff98c580000 - 0x00007ff98c623000 	C:\WINDOWS\System32\ADVAPI32.dll
0x00007ff98b7e0000 - 0x00007ff98b877000 	C:\WINDOWS\System32\sechost.dll
0x00007ff98b200000 - 0x00007ff98b208000 	C:\WINDOWS\System32\PSAPI.DLL
0x00007ff985300000 - 0x00007ff985309000 	C:\WINDOWS\SYSTEM32\WSOCK32.dll
0x00007ff981370000 - 0x00007ff981394000 	C:\WINDOWS\SYSTEM32\WINMM.dll
0x00007ff98bd00000 - 0x00007ff98bd6f000 	C:\WINDOWS\System32\WS2_32.dll
0x00007ff982a30000 - 0x00007ff982a3a000 	C:\WINDOWS\SYSTEM32\VERSION.dll
0x00007ff981340000 - 0x00007ff98136d000 	C:\WINDOWS\SYSTEM32\WINMMBASE.dll
0x00007ff98ada0000 - 0x00007ff98adea000 	C:\WINDOWS\System32\cfgmgr32.dll
0x00007ff989cb0000 - 0x00007ff989cc1000 	C:\WINDOWS\System32\kernel.appcore.dll
0x00007ff977d30000 - 0x00007ff977d41000 	E:\Idea\IntelliJ IDEA 2019.3\jbr\bin\verify.dll
0x00007ff988600000 - 0x00007ff9887f4000 	C:\WINDOWS\SYSTEM32\DBGHELP.DLL
0x00007ff97eab0000 - 0x00007ff97eada000 	C:\WINDOWS\SYSTEM32\dbgcore.DLL
0x00007ff9677f0000 - 0x00007ff967819000 	E:\Idea\IntelliJ IDEA 2019.3\jbr\bin\java.dll
0x00007ff96eba0000 - 0x00007ff96ebb7000 	E:\Idea\IntelliJ IDEA 2019.3\jbr\bin\zip.dll
0x00007ff9795e0000 - 0x00007ff9795eb000 	E:\Idea\IntelliJ IDEA 2019.3\jbr\bin\jimage.dll

dbghelp: loaded successfully - version: 4.0.5 - missing functions: none
symbol engine: initialized successfully - sym options: 0x614 - pdb path: .;E:\Idea\IntelliJ IDEA 2019.3\jbr\bin;C:\WINDOWS\SYSTEM32;C:\WINDOWS\WinSxS\amd64_microsoft.windows.common-controls_6595b64144ccf1df_6.0.18362.836_none_e6c4b943130f18ed;E:\Idea\IntelliJ IDEA 2019.3\jbr\bin\server

VM Arguments:
java_command: org.jetbrains.git4idea.http.GitAskPassApp Username for 'https://github.com': 
java_class_path (initial): E:/Idea/IntelliJ IDEA 2019.3/plugins/git4idea/lib/git4idea-rt.jar;E:/Idea/IntelliJ IDEA 2019.3/lib/xmlrpc-2.0.1.jar;E:/Idea/IntelliJ IDEA 2019.3/lib/commons-codec-1.13.jar;E:/Idea/IntelliJ IDEA 2019.3/lib/util.jar
Launcher Type: SUN_STANDARD

[Global flags]
     intx CICompilerCount                          = 3                                         {product} {ergonomic}
     uint ConcGCThreads                            = 1                                         {product} {ergonomic}
     uint G1ConcRefinementThreads                  = 4                                         {product} {ergonomic}
   size_t G1HeapRegionSize                         = 1048576                                   {product} {ergonomic}
    uintx GCDrainStackTargetSize                   = 64                                        {product} {ergonomic}
   size_t InitialHeapSize                          = 268435456                                 {product} {ergonomic}
   size_t MarkStackSize                            = 4194304                                   {product} {ergonomic}
   size_t MaxHeapSize                              = 4267704320                                {product} {ergonomic}
   size_t MinHeapDeltaBytes                        = 1048576                                   {product} {ergonomic}
    uintx NonNMethodCodeHeapSize                   = 5830092                                {pd product} {ergonomic}
    uintx NonProfiledCodeHeapSize                  = 122914074                              {pd product} {ergonomic}
    uintx ProfiledCodeHeapSize                     = 122914074                              {pd product} {ergonomic}
    uintx ReservedCodeCacheSize                    = 251658240                              {pd product} {ergonomic}
     bool SegmentedCodeCache                       = true                                      {product} {ergonomic}
     bool UseCompressedClassPointers               = true                                 {lp64_product} {ergonomic}
     bool UseCompressedOops                        = true                                 {lp64_product} {ergonomic}
     bool UseG1GC                                  = true                                      {product} {ergonomic}
     bool UseLargePagesIndividualAllocation        = false                                  {pd product} {ergonomic}

Logging:
Log output configuration:
 #0: stdout all=warning uptime,level,tags
 #1: stderr all=off uptime,level,tags

Environment Variables:
JAVA_HOME=C:\Program Files\Java\jdk1.8.0_112
CLASSPATH=,;C:\Program Files\Java\jdk1.8.0_112\lib;C:\Program Files\Java\jdk1.8.0_112\lib\tools.jar;
PATH=E:/Git/Git/mingw64/libexec/git-core;E:/Git/Git/mingw64/libexec/git-core;E:\Git\Git\mingw64\bin;E:\Git\Git\usr\bin;C:\Users\84400\bin;C:\Program Files (x86)\Common Files\NetSarang;E:\Oracle\admin\product\11.1.0\db_1\bin;C:\ProgramData\Oracle\Java\javapath;C:\WINDOWS\system32;C:\WINDOWS;C:\WINDOWS\System32\Wbem;C:\WINDOWS\System32\WindowsPowerShell\v1.0\;C:\WINDOWS\System32\OpenSSH\;C:\Program Files\Java\jdk1.8.0_112\bin;C:\Program Files\Java\jdk1.8.0_112\jre\bin;C:\Program Files\MySQL\MySQL Server 5.7\bin;E:\apache-maven-3.6.3\bin;E:\Git\Git\cmd;C:\Users\84400\AppData\Local\Microsoft\WindowsApps;E:\apache-maven-3.3.1\bin;C:\Users\84400\AppData\Local\GitHubDesktop\bin
USERNAME=admin
DISPLAY=:0.0
OS=Windows_NT
PROCESSOR_IDENTIFIER=Intel64 Family 6 Model 158 Stepping 9, GenuineIntel



---------------  S Y S T E M  ---------------

OS: Windows 10 , 64 bit Build 18362 (10.0.18362.778)

CPU:total 4 (initial active 4) (4 cores per cpu, 1 threads per core) family 6 model 158 stepping 9, cmov, cx8, fxsr, mmx, sse, sse2, sse3, ssse3, sse4.1, sse4.2, popcnt, avx, avx2, aes, clmul, erms, 3dnowpref, lzcnt, tsc, tscinvbit, bmi1, bmi2, adx, fma

Memory: 4k page, system-wide physical 16276M (5656M free)
TotalPageFile size 24468M (AvailPageFile size 171M)
current process WorkingSet (physical memory assigned to process): 10M, peak: 10M
current process commit charge ("private bytes"): 52M, peak: 308M

vm_info: OpenJDK 64-Bit Server VM (11.0.4+10-b520.11) for windows-amd64 JRE (11.0.4+10-b520.11), built on Nov 16 2019 04:35:14 by "" with MS VC++ 14.0 (VS2015)

END.
